<?xml version="1.0" encoding="UTF-8"?>
<testsuite name="com.example.demo.DemoApplicationTests" tests="1" skipped="0" failures="0" errors="0" timestamp="2021-02-16T14:41:51" hostname="DESKTOP-9VULAN0" time="0.678">
  <properties/>
  <testcase name="contextLoads()" classname="com.example.demo.DemoApplicationTests" time="0.678"/>
  <system-out><![CDATA[23:41:42.166 [Test worker] DEBUG org.springframework.test.context.BootstrapUtils - Instantiating CacheAwareContextLoaderDelegate from class [org.springframework.test.context.cache.DefaultCacheAwareContextLoaderDelegate]
23:41:42.190 [Test worker] DEBUG org.springframework.test.context.BootstrapUtils - Instantiating BootstrapContext using constructor [public org.springframework.test.context.support.DefaultBootstrapContext(java.lang.Class,org.springframework.test.context.CacheAwareContextLoaderDelegate)]
23:41:42.283 [Test worker] DEBUG org.springframework.test.context.BootstrapUtils - Instantiating TestContextBootstrapper for test class [com.example.demo.DemoApplicationTests] from class [org.springframework.boot.test.context.SpringBootTestContextBootstrapper]
23:41:42.314 [Test worker] INFO org.springframework.boot.test.context.SpringBootTestContextBootstrapper - Neither @ContextConfiguration nor @ContextHierarchy found for test class [com.example.demo.DemoApplicationTests], using SpringBootContextLoader
23:41:42.320 [Test worker] DEBUG org.springframework.test.context.support.AbstractContextLoader - Did not detect default resource location for test class [com.example.demo.DemoApplicationTests]: class path resource [com/example/demo/DemoApplicationTests-context.xml] does not exist
23:41:42.321 [Test worker] DEBUG org.springframework.test.context.support.AbstractContextLoader - Did not detect default resource location for test class [com.example.demo.DemoApplicationTests]: class path resource [com/example/demo/DemoApplicationTestsContext.groovy] does not exist
23:41:42.321 [Test worker] INFO org.springframework.test.context.support.AbstractContextLoader - Could not detect default resource locations for test class [com.example.demo.DemoApplicationTests]: no resource found for suffixes {-context.xml, Context.groovy}.
23:41:42.322 [Test worker] INFO org.springframework.test.context.support.AnnotationConfigContextLoaderUtils - Could not detect default configuration classes for test class [com.example.demo.DemoApplicationTests]: DemoApplicationTests does not declare any static, non-private, non-final, nested classes annotated with @Configuration.
23:41:42.409 [Test worker] DEBUG org.springframework.test.context.support.ActiveProfilesUtils - Could not find an 'annotation declaring class' for annotation type [org.springframework.test.context.ActiveProfiles] and class [com.example.demo.DemoApplicationTests]
23:41:42.561 [Test worker] DEBUG org.springframework.context.annotation.ClassPathScanningCandidateComponentProvider - Identified candidate component class: file [C:\Users\jiw\Desktop\repository\awsDemo\demo2\build\classes\java\main\com\example\demo\DemoApplication.class]
23:41:42.564 [Test worker] INFO org.springframework.boot.test.context.SpringBootTestContextBootstrapper - Found @SpringBootConfiguration com.example.demo.DemoApplication for test class com.example.demo.DemoApplicationTests
23:41:42.775 [Test worker] DEBUG org.springframework.boot.test.context.SpringBootTestContextBootstrapper - @TestExecutionListeners is not present for class [com.example.demo.DemoApplicationTests]: using defaults.
23:41:42.775 [Test worker] INFO org.springframework.boot.test.context.SpringBootTestContextBootstrapper - Loaded default TestExecutionListener class names from location [META-INF/spring.factories]: [org.springframework.security.test.context.support.WithSecurityContextTestExecutionListener, org.springframework.security.test.context.support.ReactorContextTestExecutionListener, org.springframework.boot.test.autoconfigure.restdocs.RestDocsTestExecutionListener, org.springframework.boot.test.autoconfigure.web.client.MockRestServiceServerResetTestExecutionListener, org.springframework.boot.test.autoconfigure.web.servlet.MockMvcPrintOnlyOnFailureTestExecutionListener, org.springframework.boot.test.autoconfigure.web.servlet.WebDriverTestExecutionListener, org.springframework.boot.test.autoconfigure.webservices.client.MockWebServiceServerTestExecutionListener, org.springframework.boot.test.mock.mockito.MockitoTestExecutionListener, org.springframework.boot.test.mock.mockito.ResetMocksTestExecutionListener, org.springframework.test.context.web.ServletTestExecutionListener, org.springframework.test.context.support.DirtiesContextBeforeModesTestExecutionListener, org.springframework.test.context.event.ApplicationEventsTestExecutionListener, org.springframework.test.context.support.DependencyInjectionTestExecutionListener, org.springframework.test.context.support.DirtiesContextTestExecutionListener, org.springframework.test.context.transaction.TransactionalTestExecutionListener, org.springframework.test.context.jdbc.SqlScriptsTestExecutionListener, org.springframework.test.context.event.EventPublishingTestExecutionListener]
23:41:42.832 [Test worker] INFO org.springframework.boot.test.context.SpringBootTestContextBootstrapper - Using TestExecutionListeners: [org.springframework.test.context.web.ServletTestExecutionListener@669ea58b, org.springframework.test.context.support.DirtiesContextBeforeModesTestExecutionListener@707e4cca, org.springframework.test.context.event.ApplicationEventsTestExecutionListener@6359ff85, org.springframework.boot.test.mock.mockito.MockitoTestExecutionListener@17445a86, org.springframework.boot.test.autoconfigure.SpringBootDependencyInjectionTestExecutionListener@4e50718, org.springframework.test.context.support.DirtiesContextTestExecutionListener@67f1352, org.springframework.test.context.transaction.TransactionalTestExecutionListener@2a7661cf, org.springframework.test.context.jdbc.SqlScriptsTestExecutionListener@1f538e6d, org.springframework.security.test.context.support.WithSecurityContextTestExecutionListener@33229758, org.springframework.test.context.event.EventPublishingTestExecutionListener@4d39e7ed, org.springframework.security.test.context.support.ReactorContextTestExecutionListener@54588f9c, org.springframework.boot.test.autoconfigure.restdocs.RestDocsTestExecutionListener@57fb439c, org.springframework.boot.test.autoconfigure.web.client.MockRestServiceServerResetTestExecutionListener@70c4966c, org.springframework.boot.test.autoconfigure.web.servlet.MockMvcPrintOnlyOnFailureTestExecutionListener@72401116, org.springframework.boot.test.autoconfigure.web.servlet.WebDriverTestExecutionListener@62f444ad, org.springframework.boot.test.autoconfigure.webservices.client.MockWebServiceServerTestExecutionListener@6f1e0ccc, org.springframework.boot.test.mock.mockito.ResetMocksTestExecutionListener@3b3d80b5]
23:41:42.840 [Test worker] DEBUG org.springframework.test.context.support.AbstractDirtiesContextTestExecutionListener - Before test class: context [DefaultTestContext@37b95e2 testClass = DemoApplicationTests, testInstance = [null], testMethod = [null], testException = [null], mergedContextConfiguration = [WebMergedContextConfiguration@4414f190 testClass = DemoApplicationTests, locations = '{}', classes = '{class com.example.demo.DemoApplication}', contextInitializerClasses = '[]', activeProfiles = '{}', propertySourceLocations = '{}', propertySourceProperties = '{org.springframework.boot.test.context.SpringBootTestContextBootstrapper=true}', contextCustomizers = set[org.springframework.boot.test.autoconfigure.actuate.metrics.MetricsExportContextCustomizerFactory$DisableMetricExportContextCustomizer@6a689bb2, org.springframework.boot.test.autoconfigure.properties.PropertyMappingContextCustomizer@0, org.springframework.boot.test.autoconfigure.web.servlet.WebDriverContextCustomizerFactory$Customizer@5f6d6228, org.springframework.boot.test.context.filter.ExcludeFilterContextCustomizer@15d848a8, org.springframework.boot.test.json.DuplicateJsonObjectContextCustomizerFactory$DuplicateJsonObjectContextCustomizer@28534663, org.springframework.boot.test.mock.mockito.MockitoContextCustomizer@0, org.springframework.boot.test.web.client.TestRestTemplateContextCustomizer@2612e420, org.springframework.boot.test.context.SpringBootTestArgs@1, org.springframework.boot.test.context.SpringBootTestWebEnvironment@78b71182], resourceBasePath = 'src/main/webapp', contextLoader = 'org.springframework.boot.test.context.SpringBootContextLoader', parent = [null]], attributes = map['org.springframework.test.context.web.ServletTestExecutionListener.activateListener' -> true]], class annotated with @DirtiesContext [false] with mode [null].
23:41:42.886 [Test worker] DEBUG org.springframework.test.context.support.TestPropertySourceUtils - Adding inlined properties to environment: {spring.jmx.enabled=false, org.springframework.boot.test.context.SpringBootTestContextBootstrapper=true}

  .   ____          _            __ _ _
 /\\ / ___'_ __ _ _(_)_ __  __ _ \ \ \ \
( ( )\___ | '_ | '_| | '_ \/ _` | \ \ \ \
 \\/  ___)| |_)| | | | | || (_| |  ) ) ) )
  '  |____| .__|_| |_|_| |_\__, | / / / /
 =========|_|==============|___/=/_/_/_/
 :: Spring Boot ::                (v2.4.2)

2021-02-16 23:41:43.487  INFO 18564 --- [    Test worker] com.example.demo.DemoApplicationTests    : Starting DemoApplicationTests using Java 1.8.0_252 on DESKTOP-9VULAN0 with PID 18564 (started by jiw in C:\Users\jiw\Desktop\repository\awsDemo\demo2)
2021-02-16 23:41:43.489  INFO 18564 --- [    Test worker] com.example.demo.DemoApplicationTests    : The following profiles are active: prod
2021-02-16 23:41:44.670  INFO 18564 --- [    Test worker] .s.d.r.c.RepositoryConfigurationDelegate : Bootstrapping Spring Data JPA repositories in DEFAULT mode.
2021-02-16 23:41:44.703  INFO 18564 --- [    Test worker] .s.d.r.c.RepositoryConfigurationDelegate : Finished Spring Data repository scanning in 16 ms. Found 0 JPA repository interfaces.
2021-02-16 23:41:45.772  INFO 18564 --- [    Test worker] o.hibernate.jpa.internal.util.LogHelper  : HHH000204: Processing PersistenceUnitInfo [name: default]
2021-02-16 23:41:45.867  INFO 18564 --- [    Test worker] org.hibernate.Version                    : HHH000412: Hibernate ORM core version 5.4.27.Final
2021-02-16 23:41:46.163  INFO 18564 --- [    Test worker] o.hibernate.annotations.common.Version   : HCANN000001: Hibernate Commons Annotations {5.1.2.Final}
2021-02-16 23:41:46.372  INFO 18564 --- [    Test worker] com.zaxxer.hikari.HikariDataSource       : HikariPool-1 - Starting...
2021-02-16 23:41:46.517  INFO 18564 --- [    Test worker] com.zaxxer.hikari.HikariDataSource       : HikariPool-1 - Start completed.
2021-02-16 23:41:46.553  INFO 18564 --- [    Test worker] org.hibernate.dialect.Dialect            : HHH000400: Using dialect: org.hibernate.dialect.MariaDBDialect
Hibernate: 
    
    drop table if exists user
Hibernate: 
    
    create table user (
       idx bigint not null auto_increment,
        email varchar(255),
        id varchar(255),
        password varchar(255),
        primary key (idx)
    ) engine=InnoDB
2021-02-16 23:41:47.545  INFO 18564 --- [    Test worker] o.h.e.t.j.p.i.JtaPlatformInitiator       : HHH000490: Using JtaPlatform implementation: [org.hibernate.engine.transaction.jta.platform.internal.NoJtaPlatform]
2021-02-16 23:41:47.560  INFO 18564 --- [    Test worker] j.LocalContainerEntityManagerFactoryBean : Initialized JPA EntityManagerFactory for persistence unit 'default'
2021-02-16 23:41:48.187  INFO 18564 --- [    Test worker] .s.s.UserDetailsServiceAutoConfiguration : 

Using generated security password: 25d79c75-4676-4d08-be92-55b86010da2c

2021-02-16 23:41:50.209  INFO 18564 --- [    Test worker] o.s.s.web.DefaultSecurityFilterChain     : Will secure any request with [org.springframework.security.web.context.request.async.WebAsyncManagerIntegrationFilter@69808e35, org.springframework.security.web.context.SecurityContextPersistenceFilter@4184945a, org.springframework.security.web.header.HeaderWriterFilter@1102136a, org.springframework.web.filter.CorsFilter@5c3d20ff, org.springframework.security.web.authentication.logout.LogoutFilter@ed9e148, org.springframework.security.web.savedrequest.RequestCacheAwareFilter@6e912dae, org.springframework.security.web.servletapi.SecurityContextHolderAwareRequestFilter@11913b76, org.springframework.security.web.authentication.AnonymousAuthenticationFilter@41e5b532, org.springframework.security.web.session.SessionManagementFilter@53c82ebe, org.springframework.security.web.access.ExceptionTranslationFilter@94d4e01, org.springframework.security.web.access.intercept.FilterSecurityInterceptor@5f71d203]
2021-02-16 23:41:50.832  INFO 18564 --- [    Test worker] o.s.s.concurrent.ThreadPoolTaskExecutor  : Initializing ExecutorService 'applicationTaskExecutor'
2021-02-16 23:41:51.697  INFO 18564 --- [    Test worker] com.example.demo.DemoApplicationTests    : Started DemoApplicationTests in 8.787 seconds (JVM running for 11.212)
$2a$10$S46z.Tvxi/bRXtdOZo0zUecBjT44ZWnyHd2s8B.WqG2jxjxMTRK8S
$2a$10$tvy73Ebw.u4MpANzKjZ4oO8EGbBoKR0dlFSSVvHL0bYXSltCZ5Vue
$2a$10$Xv.eBGRXvTwBPY44XtX1pOgDNl3Im0hd9ZmkeQbFa6T9Jm3VNc7Ri
$2a$10$ZwkR03p3CYvz5ZHrpV7srud38/MQcQwQ..Q4bWJQFeY2DSWmFg5F2
$2a$10$fYKCjyMuiBrgniCWTVgRTeh1TubnyWdx.sRxEvYpUGsFc3Tq6HrG.
60
60
60
60
60
]]></system-out>
  <system-err><![CDATA[]]></system-err>
</testsuite>
